<?xml version="1.0" encoding="UTF-8"?>
<!-- Generated by org.testng.reporters.JUnitReportReporter -->
<testsuite hostname="M5295936" name="flipKart_Page_Tests.Login_Page_Test" tests="1" failures="0" timestamp="1 Mar 2021 11:58:59 GMT" time="85.302" errors="0">
  <testcase name="loginFlipkart" time="85.302" classname="flipKart_Page_Tests.Login_Page_Test"/>
</testsuite> <!-- flipKart_Page_Tests.Login_Page_Test -->
